This request is POST from /products/getcart and it took 2204.25 ms to process
This request is POST from /products/increasequantity and it took 692.91 ms to process
This request is POST from /login and it took 428.46 ms to process
This request is GET from /products/getproducts and it took 324.65 ms to process
This request is POST from /products/getcart and it took 363.29 ms to process
This request is GET from /products/getproducts and it took 389.72 ms to process
This request is POST from /products/addtocart and it took 3080.25 ms to process
This request is POST from /products/getcart and it took 374.69 ms to process
This request is POST from /products/addtocart and it took 797.48 ms to process
This request is POST from /products/addtocart and it took 672.53 ms to process
This request is POST from /login and it took 617.30 ms to process
This request is GET from /products/getproducts and it took 390.14 ms to process
This request is POST from /products/getcart and it took 821.53 ms to process
This request is POST from /products/increasequantity and it took 751.54 ms to process
This request is POST from /products/getcart and it took 796.26 ms to process
This request is GET from /products/getproducts and it took 420.42 ms to process
This request is POST from /products/addtocart and it took 647.25 ms to process
This request is POST from /products/getcart and it took 311.94 ms to process
This request is POST from /products/getcart and it took 685.31 ms to process
This request is POST from /products/increasequantity and it took 682.61 ms to process
This request is POST from /products/getcart and it took 667.44 ms to process
This request is POST from /products/increasequantity and it took 735.11 ms to process
This request is POST from /products/getcart and it took 813.75 ms to process
This request is POST from /products/buyproduct and it took 3494.41 ms to process
This request is GET from /products/getproducts and it took 321.67 ms to process
This request is POST from /products/getcart and it took 616.32 ms to process
This request is POST from /products/getcart and it took 4154.98 ms to process
This request is POST from /products/getcart and it took 1004.16 ms to process
This request is POST from /products/getcart and it took 684.09 ms to process
This request is POST from /products/getcart and it took 919.57 ms to process
This request is POST from /products/getcart and it took 550.15 ms to process
This request is POST from /login and it took 270.55 ms to process
This request is POST from /login and it took 291.13 ms to process
This request is POST from /login and it took 285.05 ms to process
This request is POST from /login and it took 465.14 ms to process
This request is GET from /products/getproducts and it took 326.33 ms to process
This request is POST from /products/getcart and it took 622.24 ms to process
This request is POST from /products/buyproduct and it took 3400.41 ms to process
This request is POST from /products/buyproduct and it took 3542.69 ms to process
This request is GET from /products/getproducts and it took 369.68 ms to process
This request is POST from /products/getcart and it took 546.78 ms to process
This request is POST from /products/buyproduct and it took 2776.07 ms to process
This request is GET from /products/getproducts and it took 293.87 ms to process
This request is POST from /products/getcart and it took 555.58 ms to process
This request is POST from /products/buyproduct and it took 3382.14 ms to process
This request is GET from /products/getproducts and it took 341.97 ms to process
This request is POST from /products/getcart and it took 620.15 ms to process
This request is POST from /products/buyproduct and it took 2781.42 ms to process
This request is GET from /products/getproducts and it took 309.77 ms to process
This request is POST from /products/getcart and it took 627.59 ms to process
This request is POST from /products/buyproduct and it took 2804.15 ms to process
This request is POST from /login and it took 573.07 ms to process
This request is GET from /products/getproducts and it took 278.52 ms to process
This request is POST from /products/getcart and it took 570.32 ms to process
This request is POST from /products/buyproduct and it took 2828.52 ms to process
This request is POST from /login and it took 2100.42 ms to process
This request is GET from /products/getproducts and it took 342.52 ms to process
This request is POST from /products/getcart and it took 647.13 ms to process
This request is GET from /products/getproducts and it took 397.08 ms to process
This request is POST from /products/getcart and it took 618.77 ms to process
This request is POST from /products/buyproduct and it took 2933.10 ms to process
This request is POST from /login and it took 474.47 ms to process
This request is GET from /products/getproducts and it took 316.69 ms to process
This request is POST from /products/getcart and it took 625.57 ms to process
This request is GET from /products/getproducts and it took 345.20 ms to process
This request is POST from /products/getcart and it took 615.57 ms to process
This request is GET from /products/getproducts and it took 312.76 ms to process
This request is POST from /products/getcart and it took 666.14 ms to process
This request is GET from /products/getproducts and it took 372.36 ms to process
This request is POST from /products/getcart and it took 714.14 ms to process
This request is GET from /products/getproducts and it took 292.43 ms to process
This request is POST from /products/getcart and it took 854.78 ms to process
This request is POST from /products/buyproduct and it took 4035.69 ms to process
This request is POST from /login and it took 553.63 ms to process
This request is GET from /products/getproducts and it took 380.22 ms to process
This request is POST from /products/getcart and it took 678.29 ms to process
This request is POST from /products/deletefromcart and it took 805.55 ms to process
This request is POST from /products/getcart and it took 591.05 ms to process
This request is GET from /products/getproducts and it took 307.82 ms to process
This request is POST from /products/addtocart and it took 662.67 ms to process
This request is POST from /products/getcart and it took 336.80 ms to process
This request is POST from /products/getcart and it took 692.36 ms to process
This request is POST from /products/buyproduct and it took 2995.05 ms to process
This request is GET from /products/getproducts and it took 372.99 ms to process
This request is POST from /products/getcart and it took 701.41 ms to process
This request is POST from /products/buyproduct and it took 2981.69 ms to process
This request is GET from /products/getproducts and it took 402.83 ms to process
This request is POST from /products/getcart and it took 635.70 ms to process
This request is POST from /products/buyproduct and it took 2997.76 ms to process
This request is GET from /products/getproducts and it took 506.11 ms to process
This request is POST from /products/getcart and it took 972.69 ms to process
This request is POST from /products/buyproduct and it took 4630.80 ms to process
This request is GET from /products/getproducts and it took 442.41 ms to process
This request is POST from /products/getcart and it took 754.33 ms to process
This request is POST from /products/buyproduct and it took 4700.19 ms to process
This request is POST from /products/buyproduct and it took 5235.52 ms to process
This request is GET from /products/getproducts and it took 476.22 ms to process
This request is POST from /products/getcart and it took 984.36 ms to process
This request is POST from /products/buyproduct and it took 8758.72 ms to process
This request is GET from /products/getproducts and it took 400.10 ms to process
This request is POST from /products/getcart and it took 520.49 ms to process
This request is POST from /login and it took 617.12 ms to process
This request is GET from /products/getproducts and it took 368.94 ms to process
This request is POST from /products/getcart and it took 287.43 ms to process
This request is GET from /products/getproducts and it took 450.11 ms to process
This request is POST from /products/addtocart and it took 757.46 ms to process
This request is POST from /products/getcart and it took 396.32 ms to process
This request is POST from /products/addtocart and it took 1073.50 ms to process
This request is POST from /login and it took 644.29 ms to process
This request is GET from /products/getproducts and it took 326.52 ms to process
This request is POST from /products/getcart and it took 705.65 ms to process
This request is GET from /products/getproducts and it took 399.23 ms to process
This request is POST from /products/getcart and it took 633.85 ms to process
This request is POST from /products/buyproduct and it took 2766.48 ms to process
This request is GET from /userprofile and it took 3517.08 ms to process
This request is GET from /products/getproducts and it took 384.24 ms to process
This request is POST from /products/getcart and it took 292.41 ms to process
This request is POST from /products/buyproduct and it took 645.67 ms to process
